FIGURE 1. Map of the Brazilian region showing the Inhamandá locality in the Santa Maria Formation that has yielded the
FIGURE 2. Chronostratigraphical column of the Santa Maria Supersequence showing the Aetobarbakinoides-bearing level.
FIGURE 3. Middle cervical vertebra (C5–6) of Aetobarbakinoides brasiliensis in anterior (A), posterior (B), right lateral (C),
FIGURE 4. Preserved articulated presacral series (cervical 9 to dorsal 9) of Aetobarbakinoides brasiliensis in left lateral view.
FIGURE 5. Last cervical and three first dorsal vertebrae of Aetobarbakinoides brasiliensis in left lateral (A), ventral (B), right
FIGURE 6. Dorsal vertebrae 5–7 of Aetobarbakinoides brasiliensis in left lateral (A), right lateral (B), posterior (C), and ventral (D) views. Abbreviations: dp, diapophysis; hy, hyposphene; os, osteoderm; poz, postzygapophysis; pp, parapophysis; psf,
FIGURE 7. Dorsal vertebra 8 of Aetobarbakinoides brasiliensis in left lateral (A), anterior (B), ventral (C), and posterior (D)
FIGURE 8. Dorsal verebra 9 of Aetobarbakinoides brasiliensis in right lateral (A), left lateral (B), dorsal (C), ventral (D), anterior (E), and posterior (F) views. Abbreviations: dlp, dorsolateral pit; dp, diapophysis; hy, hyposphene; ns, neural spine; poz,
FIGURE 9. Posterior proximal caudal vertebra of Aetobarbakinoides brasiliensis in right lateral (A), anterior (B), posterior
FIGURE 10. Paramedian osteoderms of Aetobarbakinoides brasiliensis. Left paramedian osteoderms of cervical 9 and dorsal
FIGURE 11. Right scapula of Aetobarbakinoides brasiliensis in lateral (A), medial (B), anterior (C), posterior (D), distal (E),
FIGURE 12. Right humerus of Aetobarbakinoides brasiliensis in ventral (A), dorsal (B), lateral (C), medial (D), proximal (E),
FIGURE 13. Probable distal end of femur of Aetobarbakinoides brasiliensis in posterior (A), lateral (B), and distal (C) views;
FIGURE 14. Right pes of Aetobarbakinoides brasiliensis in dorsal view. Abbreviations: IV-1, first pedal phalanx of the fourth
FIGURE 15. Right distal tarsal IV of Aetobarbakinoides brasiliensis in dorsal (A), ventral (B), lateral (C), medial (D), proximal (E), and distal (F) views. Scale bar equals 1 cm.
FIGURE 16. Right pes of Aetobarbakinoides brasiliensis in proximal (A), dorsal (B), ventral (C), lateral (D), medial (E), and
FIGURE 17. Right pedal phalanx IV-1 of Aetobarbakinoides brasiliensis in medial (A), lateral (B), dorsal (C), ventral (D),
FIGURE 18. Bivariate plot depicting the centrum length-humeral or tibial length ratios across the dorsal vertebra series of
FIGURE 19. Strict consensus tree depicting the phylogenetic relationships of Aetobarbakinoides brasiliensis and other aetosaurs. Absolute (left) and GC (right) bootstrap frequencies greater than 50% are shown below the nodes and decay indexes
FIGURE 20. Strict consensus tree depicting the phylogenetic relationships of Aetobarbakinoides brasiliensis and other aetosaurs after the a posteriori pruning of Coahomasuchus. Absolute (left) and GC (right) bootstrap frequencies greater than 50%
